<?xml version="1.0" encoding="UTF-8"?>
<!-- Generated by org.testng.reporters.JUnitReportReporter -->
<testsuite skipped="0" hostname="user-PC" name="browseStack.testcases.JavaSample" tests="1" failures="0" timestamp="02 Aug 2017 12:46:18 GMT" time="85.210" errors="0">
  <testcase name="test_case" time="85.210" classname="browseStack.testcases.JavaSample"/>
</testsuite> <!-- browseStack.testcases.JavaSample -->
